<?xml version="1.0" encoding="UTF-8"?>
<!-- Generated by org.testng.reporters.JUnitXMLReporter -->
<testsuite hostname="DESKTOP-TU27P35" ignored="0" name="Test" tests="2" failures="2" timestamp="2020-03-14T22:06:54 IST" time="50.822" errors="0">
  <testcase name="speed" time="27.473" classname="Testpackage.chromed">
    <failure type="java.lang.AssertionError" message="The following asserts failed:
	doesnot meet my requirements  did not expect to find [true] but found [false]">
      <![CDATA[java.lang.AssertionError: The following asserts failed:
doesnot meet my requirements  did not expect to find [true] but found [false]
at Testpackage.chromed.speed(chromed.java:53)
at java.util.ArrayList.forEach(Unknown Source)
... Removed 29 stack frames]]>
    </failure>
  </testcase> <!-- speed -->
  <testcase name="speed" time="23.274" classname="Testpackage.firefoxd">
    <failure type="java.lang.AssertionError" message="doesnot meet my requirements  did not expect to find [true] but found [false]">
      <![CDATA[java.lang.AssertionError: doesnot meet my requirements  did not expect to find [true] but found [false]
at Testpackage.firefoxd.speed(firefoxd.java:41)
at java.util.ArrayList.forEach(Unknown Source)
... Removed 30 stack frames]]>
    </failure>
  </testcase> <!-- speed -->
</testsuite> <!-- Test -->
